#! /c/Source/iverilog-install/bin/vvp
:ivl_version "12.0 (devel)" "(s20150603-1110-g18392a46)";
:ivl_delay_selection "TYPICAL";
:vpi_time_precision - 9;
:vpi_module "D:\Software\iverilog\iverilog\lib\ivl\system.vpi";
:vpi_module "D:\Software\iverilog\iverilog\lib\ivl\vhdl_sys.vpi";
:vpi_module "D:\Software\iverilog\iverilog\lib\ivl\vhdl_textio.vpi";
:vpi_module "D:\Software\iverilog\iverilog\lib\ivl\v2005_math.vpi";
:vpi_module "D:\Software\iverilog\iverilog\lib\ivl\va_math.vpi";
S_000002926ed2a000 .scope module, "tb_bits_counter" "tb_bits_counter" 2 23;
 .timescale -9 -9;
v000002926ed2dc70_0 .var "cp", 0 0;
v000002926ed2dd10_0 .net "out0", 0 0, L_000002926ec76340;  1 drivers
v000002926ed2ddb0_0 .net "out1", 0 0, L_000002926ec758a0;  1 drivers
v000002926ec767a0_0 .net "out2", 0 0, L_000002926ec765c0;  1 drivers
v000002926ec75b20_0 .var "rst", 0 0;
S_000002926ed2da40 .scope module, "U1" "bits_counter" 2 115, 2 1 0, S_000002926ed2a000;
 .timescale 0 0;
    .port_info 0 /INPUT 1 "clk";
    .port_info 1 /INPUT 1 "rst";
    .port_info 2 /OUTPUT 3 "count";
    .port_info 3 /OUTPUT 1 "out0";
    .port_info 4 /OUTPUT 1 "out1";
    .port_info 5 /OUTPUT 1 "out2";
v000002926ed2a190_0 .net "clk", 0 0, v000002926ed2dc70_0;  1 drivers
v000002926ed2bef0_0 .var "count", 2 0;
v000002926ebe3010_0 .net "out0", 0 0, L_000002926ec76340;  alias, 1 drivers
v000002926ec24c40_0 .net "out1", 0 0, L_000002926ec758a0;  alias, 1 drivers
v000002926ec24a80_0 .net "out2", 0 0, L_000002926ec765c0;  alias, 1 drivers
v000002926ed2dbd0_0 .net "rst", 0 0, v000002926ec75b20_0;  1 drivers
E_000002926ec07580 .event posedge, v000002926ed2a190_0;
L_000002926ec76340 .part v000002926ed2bef0_0, 0, 1;
L_000002926ec758a0 .part v000002926ed2bef0_0, 1, 1;
L_000002926ec765c0 .part v000002926ed2bef0_0, 2, 1;
    .scope S_000002926ed2da40;
T_0 ;
    %wait E_000002926ec07580;
    %load/vec4 v000002926ed2dbd0_0;
    %inv;
    %flag_set/vec4 8;
    %jmp/0xz  T_0.0, 8;
    %pushi/vec4 0, 0, 3;
    %assign/vec4 v000002926ed2bef0_0, 0;
    %jmp T_0.1;
T_0.0 ;
    %load/vec4 v000002926ed2bef0_0;
    %cmpi/e 7, 0, 3;
    %jmp/0xz  T_0.2, 4;
    %pushi/vec4 0, 0, 3;
    %assign/vec4 v000002926ed2bef0_0, 0;
    %jmp T_0.3;
T_0.2 ;
    %load/vec4 v000002926ed2bef0_0;
    %addi 1, 0, 3;
    %assign/vec4 v000002926ed2bef0_0, 0;
T_0.3 ;
T_0.1 ;
    %jmp T_0;
    .thread T_0;
    .scope S_000002926ed2a000;
T_1 ;
    %vpi_call 2 28 "$display", "start a clock pulse" {0 0 0};
    %vpi_call 2 29 "$dumpfile", "tb_bits_counter" {0 0 0};
    %vpi_call 2 30 "$dumpvars", 32'sb00000000000000000000000000000000, S_000002926ed2a000 {0 0 0};
    %pushi/vec4 0, 0, 1;
    %store/vec4 v000002926ed2dc70_0, 0, 1;
    %pushi/vec4 0, 0, 1;
    %store/vec4 v000002926ec75b20_0, 0, 1;
    %delay 10, 0;
    %pushi/vec4 1, 0, 1;
    %store/vec4 v000002926ed2dc70_0, 0, 1;
    %pushi/vec4 0, 0, 1;
    %store/vec4 v000002926ec75b20_0, 0, 1;
    %delay 10, 0;
    %pushi/vec4 0, 0, 1;
    %store/vec4 v000002926ed2dc70_0, 0, 1;
    %pushi/vec4 1, 0, 1;
    %store/vec4 v000002926ec75b20_0, 0, 1;
    %delay 10, 0;
    %pushi/vec4 1, 0, 1;
    %store/vec4 v000002926ed2dc70_0, 0, 1;
    %pushi/vec4 1, 0, 1;
    %store/vec4 v000002926ec75b20_0, 0, 1;
    %delay 10, 0;
    %pushi/vec4 0, 0, 1;
    %store/vec4 v000002926ed2dc70_0, 0, 1;
    %pushi/vec4 1, 0, 1;
    %store/vec4 v000002926ec75b20_0, 0, 1;
    %delay 10, 0;
    %pushi/vec4 1, 0, 1;
    %store/vec4 v000002926ed2dc70_0, 0, 1;
    %pushi/vec4 1, 0, 1;
    %store/vec4 v000002926ec75b20_0, 0, 1;
    %delay 10, 0;
    %pushi/vec4 0, 0, 1;
    %store/vec4 v000002926ed2dc70_0, 0, 1;
    %pushi/vec4 1, 0, 1;
    %store/vec4 v000002926ec75b20_0, 0, 1;
    %delay 10, 0;
    %pushi/vec4 1, 0, 1;
    %store/vec4 v000002926ed2dc70_0, 0, 1;
    %pushi/vec4 1, 0, 1;
    %store/vec4 v000002926ec75b20_0, 0, 1;
    %delay 10, 0;
    %pushi/vec4 0, 0, 1;
    %store/vec4 v000002926ed2dc70_0, 0, 1;
    %pushi/vec4 1, 0, 1;
    %store/vec4 v000002926ec75b20_0, 0, 1;
    %delay 10, 0;
    %pushi/vec4 1, 0, 1;
    %store/vec4 v000002926ed2dc70_0, 0, 1;
    %pushi/vec4 1, 0, 1;
    %store/vec4 v000002926ec75b20_0, 0, 1;
    %delay 10, 0;
    %pushi/vec4 0, 0, 1;
    %store/vec4 v000002926ed2dc70_0, 0, 1;
    %pushi/vec4 1, 0, 1;
    %store/vec4 v000002926ec75b20_0, 0, 1;
    %delay 10, 0;
    %pushi/vec4 1, 0, 1;
    %store/vec4 v000002926ed2dc70_0, 0, 1;
    %pushi/vec4 1, 0, 1;
    %store/vec4 v000002926ec75b20_0, 0, 1;
    %delay 10, 0;
    %pushi/vec4 0, 0, 1;
    %store/vec4 v000002926ed2dc70_0, 0, 1;
    %pushi/vec4 1, 0, 1;
    %store/vec4 v000002926ec75b20_0, 0, 1;
    %delay 10, 0;
    %pushi/vec4 1, 0, 1;
    %store/vec4 v000002926ed2dc70_0, 0, 1;
    %pushi/vec4 1, 0, 1;
    %store/vec4 v000002926ec75b20_0, 0, 1;
    %delay 10, 0;
    %pushi/vec4 0, 0, 1;
    %store/vec4 v000002926ed2dc70_0, 0, 1;
    %pushi/vec4 1, 0, 1;
    %store/vec4 v000002926ec75b20_0, 0, 1;
    %delay 10, 0;
    %pushi/vec4 1, 0, 1;
    %store/vec4 v000002926ed2dc70_0, 0, 1;
    %pushi/vec4 1, 0, 1;
    %store/vec4 v000002926ec75b20_0, 0, 1;
    %delay 10, 0;
    %pushi/vec4 0, 0, 1;
    %store/vec4 v000002926ed2dc70_0, 0, 1;
    %pushi/vec4 1, 0, 1;
    %store/vec4 v000002926ec75b20_0, 0, 1;
    %delay 10, 0;
    %pushi/vec4 1, 0, 1;
    %store/vec4 v000002926ed2dc70_0, 0, 1;
    %pushi/vec4 1, 0, 1;
    %store/vec4 v000002926ec75b20_0, 0, 1;
    %delay 10, 0;
    %pushi/vec4 0, 0, 1;
    %store/vec4 v000002926ed2dc70_0, 0, 1;
    %pushi/vec4 1, 0, 1;
    %store/vec4 v000002926ec75b20_0, 0, 1;
    %delay 10, 0;
    %pushi/vec4 1, 0, 1;
    %store/vec4 v000002926ed2dc70_0, 0, 1;
    %pushi/vec4 1, 0, 1;
    %store/vec4 v000002926ec75b20_0, 0, 1;
    %delay 10, 0;
    %pushi/vec4 0, 0, 1;
    %store/vec4 v000002926ed2dc70_0, 0, 1;
    %pushi/vec4 1, 0, 1;
    %store/vec4 v000002926ec75b20_0, 0, 1;
    %delay 10, 0;
    %pushi/vec4 1, 0, 1;
    %store/vec4 v000002926ed2dc70_0, 0, 1;
    %pushi/vec4 1, 0, 1;
    %store/vec4 v000002926ec75b20_0, 0, 1;
    %delay 10, 0;
    %pushi/vec4 0, 0, 1;
    %store/vec4 v000002926ed2dc70_0, 0, 1;
    %pushi/vec4 1, 0, 1;
    %store/vec4 v000002926ec75b20_0, 0, 1;
    %delay 10, 0;
    %pushi/vec4 1, 0, 1;
    %store/vec4 v000002926ed2dc70_0, 0, 1;
    %pushi/vec4 1, 0, 1;
    %store/vec4 v000002926ec75b20_0, 0, 1;
    %delay 10, 0;
    %pushi/vec4 0, 0, 1;
    %store/vec4 v000002926ed2dc70_0, 0, 1;
    %pushi/vec4 1, 0, 1;
    %store/vec4 v000002926ec75b20_0, 0, 1;
    %delay 10, 0;
    %pushi/vec4 1, 0, 1;
    %store/vec4 v000002926ed2dc70_0, 0, 1;
    %pushi/vec4 1, 0, 1;
    %store/vec4 v000002926ec75b20_0, 0, 1;
    %delay 10, 0;
    %pushi/vec4 0, 0, 1;
    %store/vec4 v000002926ed2dc70_0, 0, 1;
    %pushi/vec4 1, 0, 1;
    %store/vec4 v000002926ec75b20_0, 0, 1;
    %delay 10, 0;
    %pushi/vec4 1, 0, 1;
    %store/vec4 v000002926ed2dc70_0, 0, 1;
    %pushi/vec4 1, 0, 1;
    %store/vec4 v000002926ec75b20_0, 0, 1;
    %delay 10, 0;
    %pushi/vec4 0, 0, 1;
    %store/vec4 v000002926ed2dc70_0, 0, 1;
    %pushi/vec4 1, 0, 1;
    %store/vec4 v000002926ec75b20_0, 0, 1;
    %delay 10, 0;
    %pushi/vec4 1, 0, 1;
    %store/vec4 v000002926ed2dc70_0, 0, 1;
    %pushi/vec4 1, 0, 1;
    %store/vec4 v000002926ec75b20_0, 0, 1;
    %delay 10, 0;
    %pushi/vec4 0, 0, 1;
    %store/vec4 v000002926ed2dc70_0, 0, 1;
    %pushi/vec4 1, 0, 1;
    %store/vec4 v000002926ec75b20_0, 0, 1;
    %delay 10, 0;
    %pushi/vec4 1, 0, 1;
    %store/vec4 v000002926ed2dc70_0, 0, 1;
    %pushi/vec4 1, 0, 1;
    %store/vec4 v000002926ec75b20_0, 0, 1;
    %delay 10, 0;
    %pushi/vec4 0, 0, 1;
    %store/vec4 v000002926ed2dc70_0, 0, 1;
    %pushi/vec4 1, 0, 1;
    %store/vec4 v000002926ec75b20_0, 0, 1;
    %delay 10, 0;
    %pushi/vec4 1, 0, 1;
    %store/vec4 v000002926ed2dc70_0, 0, 1;
    %pushi/vec4 1, 0, 1;
    %store/vec4 v000002926ec75b20_0, 0, 1;
    %delay 10, 0;
    %pushi/vec4 0, 0, 1;
    %store/vec4 v000002926ed2dc70_0, 0, 1;
    %pushi/vec4 0, 0, 1;
    %store/vec4 v000002926ec75b20_0, 0, 1;
    %delay 10, 0;
    %pushi/vec4 1, 0, 1;
    %store/vec4 v000002926ed2dc70_0, 0, 1;
    %pushi/vec4 0, 0, 1;
    %store/vec4 v000002926ec75b20_0, 0, 1;
    %delay 10, 0;
    %pushi/vec4 0, 0, 1;
    %store/vec4 v000002926ed2dc70_0, 0, 1;
    %pushi/vec4 0, 0, 1;
    %store/vec4 v000002926ec75b20_0, 0, 1;
    %delay 10, 0;
    %pushi/vec4 1, 0, 1;
    %store/vec4 v000002926ed2dc70_0, 0, 1;
    %pushi/vec4 0, 0, 1;
    %store/vec4 v000002926ec75b20_0, 0, 1;
    %delay 10, 0;
    %pushi/vec4 0, 0, 1;
    %store/vec4 v000002926ed2dc70_0, 0, 1;
    %pushi/vec4 0, 0, 1;
    %store/vec4 v000002926ec75b20_0, 0, 1;
    %delay 10, 0;
    %pushi/vec4 1, 0, 1;
    %store/vec4 v000002926ed2dc70_0, 0, 1;
    %pushi/vec4 0, 0, 1;
    %store/vec4 v000002926ec75b20_0, 0, 1;
    %delay 10, 0;
    %vpi_call 2 112 "$stop" {0 0 0};
    %vpi_call 2 113 "$finish" {0 0 0};
    %end;
    .thread T_1;
# The file index is used to find the file name in the following table.
:file_names 3;
    "N/A";
    "<interactive>";
    "tb_3bits_counter.v";
