Analysis & Synthesis report for wallace_top
Tue Jun 08 16:54:49 2021
Quartus Prime Version 19.1.0 Build 670 09/22/2019 SJ Lite Edition


---------------------
; Table of Contents ;
---------------------
  1. Legal Notice
  2. Analysis & Synthesis Summary
  3. Analysis & Synthesis Settings
  4. Parallel Compilation
  5. Analysis & Synthesis Source Files Read
  6. Analysis & Synthesis Resource Usage Summary
  7. Analysis & Synthesis Resource Utilization by Entity
  8. Analysis & Synthesis IP Cores Summary
  9. General Register Statistics
 10. Parameter Settings for User Entity Instance: add_ip1:a1|lpm_add_sub:LPM_ADD_SUB_component
 11. Analysis & Synthesis Messages



----------------
; Legal Notice ;
----------------
Copyright (C) 2019  Intel Corporation. All rights reserved.
Your use of Intel Corporation's design tools, logic functions 
and other software and tools, and any partner logic 
functions, and any output files from any of the foregoing 
(including device programming or simulation files), and any 
associated documentation or information are expressly subject 
to the terms and conditions of the Intel Program License 
Subscription Agreement, the Intel Quartus Prime License Agreement,
the Intel FPGA IP License Agreement, or other applicable license
agreement, including, without limitation, that your use is for
the sole purpose of programming logic devices manufactured by
Intel and sold by Intel or its authorized distributors.  Please
refer to the applicable agreement for further details, at
https://fpgasoftware.intel.com/eula.



+---------------------------------------------------------------------------+
; Analysis & Synthesis Summary                                              ;
+-----------------------------+---------------------------------------------+
; Analysis & Synthesis Status ; Successful - Tue Jun 08 16:54:49 2021       ;
; Quartus Prime Version       ; 19.1.0 Build 670 09/22/2019 SJ Lite Edition ;
; Revision Name               ; wallace_top                                 ;
; Top-level Entity Name       ; wallace_top                                 ;
; Family                      ; MAX V                                       ;
; Total logic elements        ; 28                                          ;
; Total pins                  ; 16                                          ;
; Total virtual pins          ; 0                                           ;
; UFM blocks                  ; 0 / 1 ( 0 % )                               ;
+-----------------------------+---------------------------------------------+


+------------------------------------------------------------------------------------------------------------+
; Analysis & Synthesis Settings                                                                              ;
+------------------------------------------------------------------+--------------------+--------------------+
; Option                                                           ; Setting            ; Default Value      ;
+------------------------------------------------------------------+--------------------+--------------------+
; Device                                                           ; 5M1270ZF324C5      ;                    ;
; Top-level entity name                                            ; wallace_top        ; wallace_top        ;
; Family name                                                      ; MAX V              ; Cyclone V          ;
; Use smart compilation                                            ; Off                ; Off                ;
; Enable parallel Assembler and Timing Analyzer during compilation ; On                 ; On                 ;
; Enable compact report table                                      ; Off                ; Off                ;
; Restructure Multiplexers                                         ; Auto               ; Auto               ;
; Create Debugging Nodes for IP Cores                              ; Off                ; Off                ;
; Preserve fewer node names                                        ; On                 ; On                 ;
; Intel FPGA IP Evaluation Mode                                    ; Enable             ; Enable             ;
; Verilog Version                                                  ; Verilog_2001       ; Verilog_2001       ;
; VHDL Version                                                     ; VHDL_1993          ; VHDL_1993          ;
; State Machine Processing                                         ; Auto               ; Auto               ;
; Safe State Machine                                               ; Off                ; Off                ;
; Extract Verilog State Machines                                   ; On                 ; On                 ;
; Extract VHDL State Machines                                      ; On                 ; On                 ;
; Ignore Verilog initial constructs                                ; Off                ; Off                ;
; Iteration limit for constant Verilog loops                       ; 5000               ; 5000               ;
; Iteration limit for non-constant Verilog loops                   ; 250                ; 250                ;
; Add Pass-Through Logic to Inferred RAMs                          ; On                 ; On                 ;
; Infer RAMs from Raw Logic                                        ; On                 ; On                 ;
; Parallel Synthesis                                               ; On                 ; On                 ;
; NOT Gate Push-Back                                               ; On                 ; On                 ;
; Power-Up Don't Care                                              ; On                 ; On                 ;
; Remove Redundant Logic Cells                                     ; Off                ; Off                ;
; Remove Duplicate Registers                                       ; On                 ; On                 ;
; Ignore CARRY Buffers                                             ; Off                ; Off                ;
; Ignore CASCADE Buffers                                           ; Off                ; Off                ;
; Ignore GLOBAL Buffers                                            ; Off                ; Off                ;
; Ignore ROW GLOBAL Buffers                                        ; Off                ; Off                ;
; Ignore LCELL Buffers                                             ; Off                ; Off                ;
; Ignore SOFT Buffers                                              ; On                 ; On                 ;
; Limit AHDL Integers to 32 Bits                                   ; Off                ; Off                ;
; Optimization Technique                                           ; Balanced           ; Balanced           ;
; Carry Chain Length                                               ; 70                 ; 70                 ;
; Auto Carry Chains                                                ; On                 ; On                 ;
; Auto Open-Drain Pins                                             ; On                 ; On                 ;
; Perform WYSIWYG Primitive Resynthesis                            ; Off                ; Off                ;
; Auto Shift Register Replacement                                  ; Auto               ; Auto               ;
; Allow Shift Register Merging across Hierarchies                  ; Auto               ; Auto               ;
; Auto Clock Enable Replacement                                    ; On                 ; On                 ;
; Allow Synchronous Control Signals                                ; On                 ; On                 ;
; Force Use of Synchronous Clear Signals                           ; Off                ; Off                ;
; Auto Resource Sharing                                            ; Off                ; Off                ;
; Use LogicLock Constraints during Resource Balancing              ; On                 ; On                 ;
; Ignore translate_off and synthesis_off directives                ; Off                ; Off                ;
; Report Parameter Settings                                        ; On                 ; On                 ;
; Report Source Assignments                                        ; On                 ; On                 ;
; Report Connectivity Checks                                       ; On                 ; On                 ;
; Ignore Maximum Fan-Out Assignments                               ; Off                ; Off                ;
; Synchronization Register Chain Length                            ; 2                  ; 2                  ;
; Power Optimization During Synthesis                              ; Normal compilation ; Normal compilation ;
; HDL message level                                                ; Level2             ; Level2             ;
; Suppress Register Optimization Related Messages                  ; Off                ; Off                ;
; Number of Removed Registers Reported in Synthesis Report         ; 5000               ; 5000               ;
; Number of Swept Nodes Reported in Synthesis Report               ; 5000               ; 5000               ;
; Number of Inverted Registers Reported in Synthesis Report        ; 100                ; 100                ;
; Clock MUX Protection                                             ; On                 ; On                 ;
; Block Design Naming                                              ; Auto               ; Auto               ;
; Synthesis Effort                                                 ; Auto               ; Auto               ;
; Shift Register Replacement - Allow Asynchronous Clear Signal     ; On                 ; On                 ;
; Analysis & Synthesis Message Level                               ; Medium             ; Medium             ;
; Disable Register Merging Across Hierarchies                      ; Auto               ; Auto               ;
+------------------------------------------------------------------+--------------------+--------------------+


+------------------------------------------+
; Parallel Compilation                     ;
+----------------------------+-------------+
; Processors                 ; Number      ;
+----------------------------+-------------+
; Number detected on machine ; 8           ;
; Maximum allowed            ; 4           ;
;                            ;             ;
; Average used               ; 1.00        ;
; Maximum used               ; 1           ;
;                            ;             ;
; Usage by Processor         ; % Time Used ;
;     Processor 1            ; 100.0%      ;
+----------------------------+-------------+


+-----------------------------------------------------------------------------------------------------------------------------------------------------------------------------------------------------------------+
; Analysis & Synthesis Source Files Read                                                                                                                                                                          ;
+---------------------------------------------------+-----------------+-----------------------------+---------------------------------------------------------------------------------------------------+---------+
; File Name with User-Entered Path                  ; Used in Netlist ; File Type                   ; File Name with Absolute Path                                                                      ; Library ;
+---------------------------------------------------+-----------------+-----------------------------+---------------------------------------------------------------------------------------------------+---------+
; ../../System_design/Wallace/src/wallace_top.v     ; yes             ; User Verilog HDL File       ; D:/EDA/DigitalCircuit/My_Digitalworks/My_Digitalworks/System_design/Wallace/src/wallace_top.v     ;         ;
; ../../System_design/Wallace/src/half_adder_down.v ; yes             ; User Verilog HDL File       ; D:/EDA/DigitalCircuit/My_Digitalworks/My_Digitalworks/System_design/Wallace/src/half_adder_down.v ;         ;
; ../../System_design/Wallace/src/fall_adder_down.v ; yes             ; User Verilog HDL File       ; D:/EDA/DigitalCircuit/My_Digitalworks/My_Digitalworks/System_design/Wallace/src/fall_adder_down.v ;         ;
; add_ip1.v                                         ; yes             ; User Wizard-Generated File  ; D:/EDA/DigitalCircuit/My_Digitalworks/My_Digitalworks/Quartus/wallace/add_ip1.v                   ;         ;
; lpm_add_sub.tdf                                   ; yes             ; Megafunction                ; d:/eda/digitalcircuit/quartus/quartus/libraries/megafunctions/lpm_add_sub.tdf                     ;         ;
; addcore.inc                                       ; yes             ; Megafunction                ; d:/eda/digitalcircuit/quartus/quartus/libraries/megafunctions/addcore.inc                         ;         ;
; look_add.inc                                      ; yes             ; Megafunction                ; d:/eda/digitalcircuit/quartus/quartus/libraries/megafunctions/look_add.inc                        ;         ;
; bypassff.inc                                      ; yes             ; Megafunction                ; d:/eda/digitalcircuit/quartus/quartus/libraries/megafunctions/bypassff.inc                        ;         ;
; altshift.inc                                      ; yes             ; Megafunction                ; d:/eda/digitalcircuit/quartus/quartus/libraries/megafunctions/altshift.inc                        ;         ;
; alt_stratix_add_sub.inc                           ; yes             ; Megafunction                ; d:/eda/digitalcircuit/quartus/quartus/libraries/megafunctions/alt_stratix_add_sub.inc             ;         ;
; aglobal191.inc                                    ; yes             ; Megafunction                ; d:/eda/digitalcircuit/quartus/quartus/libraries/megafunctions/aglobal191.inc                      ;         ;
; addcore.tdf                                       ; yes             ; Megafunction                ; d:/eda/digitalcircuit/quartus/quartus/libraries/megafunctions/addcore.tdf                         ;         ;
; a_csnbuffer.inc                                   ; yes             ; Megafunction                ; d:/eda/digitalcircuit/quartus/quartus/libraries/megafunctions/a_csnbuffer.inc                     ;         ;
; a_csnbuffer.tdf                                   ; yes             ; Megafunction                ; d:/eda/digitalcircuit/quartus/quartus/libraries/megafunctions/a_csnbuffer.tdf                     ;         ;
; altshift.tdf                                      ; yes             ; Megafunction                ; d:/eda/digitalcircuit/quartus/quartus/libraries/megafunctions/altshift.tdf                        ;         ;
+---------------------------------------------------+-----------------+-----------------------------+---------------------------------------------------------------------------------------------------+---------+


+-----------------------------------------------------+
; Analysis & Synthesis Resource Usage Summary         ;
+---------------------------------------------+-------+
; Resource                                    ; Usage ;
+---------------------------------------------+-------+
; Total logic elements                        ; 28    ;
;     -- Combinational with no register       ; 28    ;
;     -- Register only                        ; 0     ;
;     -- Combinational with a register        ; 0     ;
;                                             ;       ;
; Logic element usage by number of LUT inputs ;       ;
;     -- 4 input functions                    ; 10    ;
;     -- 3 input functions                    ; 5     ;
;     -- 2 input functions                    ; 12    ;
;     -- 1 input functions                    ; 1     ;
;     -- 0 input functions                    ; 0     ;
;                                             ;       ;
; Logic elements by mode                      ;       ;
;     -- normal mode                          ; 22    ;
;     -- arithmetic mode                      ; 6     ;
;     -- qfbk mode                            ; 0     ;
;     -- register cascade mode                ; 0     ;
;     -- synchronous clear/load mode          ; 0     ;
;     -- asynchronous clear/load mode         ; 0     ;
;                                             ;       ;
; Total registers                             ; 0     ;
; Total logic cells in carry chains           ; 7     ;
; I/O pins                                    ; 16    ;
; Maximum fan-out node                        ; x[1]  ;
; Maximum fan-out                             ; 6     ;
; Total fan-out                               ; 88    ;
; Average fan-out                             ; 2.00  ;
+---------------------------------------------+-------+


+-----------------------------------------------------------------------------------------------------------------------------------------------------------------------------------------------------------------------------------------------------------------------------------------------------------------------------------+
; Analysis & Synthesis Resource Utilization by Entity                                                                                                                                                                                                                                                                               ;
+-------------------------------------------+-------------+--------------+------------+------+--------------+--------------+-------------------+------------------+-----------------+------------+-------------------------------------------------------------------------------------------------+-----------------+--------------+
; Compilation Hierarchy Node                ; Logic Cells ; LC Registers ; UFM Blocks ; Pins ; Virtual Pins ; LUT-Only LCs ; Register-Only LCs ; LUT/Register LCs ; Carry Chain LCs ; Packed LCs ; Full Hierarchy Name                                                                             ; Entity Name     ; Library Name ;
+-------------------------------------------+-------------+--------------+------------+------+--------------+--------------+-------------------+------------------+-----------------+------------+-------------------------------------------------------------------------------------------------+-----------------+--------------+
; |wallace_top                              ; 28 (11)     ; 0            ; 0          ; 16   ; 0            ; 28 (11)      ; 0 (0)             ; 0 (0)            ; 7 (0)           ; 0 (0)      ; |wallace_top                                                                                    ; wallace_top     ; work         ;
;    |add_ip1:a1|                           ; 7 (0)       ; 0            ; 0          ; 0    ; 0            ; 7 (0)        ; 0 (0)             ; 0 (0)            ; 7 (0)           ; 0 (0)      ; |wallace_top|add_ip1:a1                                                                         ; add_ip1         ; work         ;
;       |lpm_add_sub:LPM_ADD_SUB_component| ; 7 (0)       ; 0            ; 0          ; 0    ; 0            ; 7 (0)        ; 0 (0)             ; 0 (0)            ; 7 (0)           ; 0 (0)      ; |wallace_top|add_ip1:a1|lpm_add_sub:LPM_ADD_SUB_component                                       ; lpm_add_sub     ; work         ;
;          |addcore:adder|                  ; 7 (0)       ; 0            ; 0          ; 0    ; 0            ; 7 (0)        ; 0 (0)             ; 0 (0)            ; 7 (0)           ; 0 (0)      ; |wallace_top|add_ip1:a1|lpm_add_sub:LPM_ADD_SUB_component|addcore:adder                         ; addcore         ; work         ;
;             |a_csnbuffer:result_node|     ; 7 (7)       ; 0            ; 0          ; 0    ; 0            ; 7 (7)        ; 0 (0)             ; 0 (0)            ; 7 (7)           ; 0 (0)      ; |wallace_top|add_ip1:a1|lpm_add_sub:LPM_ADD_SUB_component|addcore:adder|a_csnbuffer:result_node ; a_csnbuffer     ; work         ;
;    |fall_adder_down:f1|                   ; 2 (2)       ; 0            ; 0          ; 0    ; 0            ; 2 (2)        ; 0 (0)             ; 0 (0)            ; 0 (0)           ; 0 (0)      ; |wallace_top|fall_adder_down:f1                                                                 ; fall_adder_down ; work         ;
;    |fall_adder_down:f2|                   ; 2 (2)       ; 0            ; 0          ; 0    ; 0            ; 2 (2)        ; 0 (0)             ; 0 (0)            ; 0 (0)           ; 0 (0)      ; |wallace_top|fall_adder_down:f2                                                                 ; fall_adder_down ; work         ;
;    |fall_adder_down:f3|                   ; 2 (2)       ; 0            ; 0          ; 0    ; 0            ; 2 (2)        ; 0 (0)             ; 0 (0)            ; 0 (0)           ; 0 (0)      ; |wallace_top|fall_adder_down:f3                                                                 ; fall_adder_down ; work         ;
;    |half_adder_down:h2|                   ; 2 (2)       ; 0            ; 0          ; 0    ; 0            ; 2 (2)        ; 0 (0)             ; 0 (0)            ; 0 (0)           ; 0 (0)      ; |wallace_top|half_adder_down:h2                                                                 ; half_adder_down ; work         ;
;    |half_adder_down:h3|                   ; 2 (2)       ; 0            ; 0          ; 0    ; 0            ; 2 (2)        ; 0 (0)             ; 0 (0)            ; 0 (0)           ; 0 (0)      ; |wallace_top|half_adder_down:h3                                                                 ; half_adder_down ; work         ;
+-------------------------------------------+-------------+--------------+------------+------+--------------+--------------+-------------------+------------------+-----------------+------------+-------------------------------------------------------------------------------------------------+-----------------+--------------+
Note: For table entries with two numbers listed, the numbers in parentheses indicate the number of resources of the given type used by the specific entity alone. The numbers listed outside of parentheses indicate the total resources of the given type used by the specific entity and all of its sub-entities in the hierarchy.


+-----------------------------------------------------------------------------------------------------------+
; Analysis & Synthesis IP Cores Summary                                                                     ;
+--------+--------------+---------+--------------+--------------+-------------------------+-----------------+
; Vendor ; IP Core Name ; Version ; Release Date ; License Type ; Entity Instance         ; IP Include File ;
+--------+--------------+---------+--------------+--------------+-------------------------+-----------------+
; Altera ; LPM_ADD_SUB  ; 19.1    ; N/A          ; N/A          ; |wallace_top|add_ip1:a1 ; add_ip1.v       ;
+--------+--------------+---------+--------------+--------------+-------------------------+-----------------+


+------------------------------------------------------+
; General Register Statistics                          ;
+----------------------------------------------+-------+
; Statistic                                    ; Value ;
+----------------------------------------------+-------+
; Total registers                              ; 0     ;
; Number of registers using Synchronous Clear  ; 0     ;
; Number of registers using Synchronous Load   ; 0     ;
; Number of registers using Asynchronous Clear ; 0     ;
; Number of registers using Asynchronous Load  ; 0     ;
; Number of registers using Clock Enable       ; 0     ;
; Number of registers using Preset             ; 0     ;
+----------------------------------------------+-------+


+-------------------------------------------------------------------------------------------+
; Parameter Settings for User Entity Instance: add_ip1:a1|lpm_add_sub:LPM_ADD_SUB_component ;
+------------------------+-------------+----------------------------------------------------+
; Parameter Name         ; Value       ; Type                                               ;
+------------------------+-------------+----------------------------------------------------+
; LPM_WIDTH              ; 6           ; Signed Integer                                     ;
; LPM_REPRESENTATION     ; UNSIGNED    ; Untyped                                            ;
; LPM_DIRECTION          ; ADD         ; Untyped                                            ;
; ONE_INPUT_IS_CONSTANT  ; NO          ; Untyped                                            ;
; LPM_PIPELINE           ; 0           ; Untyped                                            ;
; MAXIMIZE_SPEED         ; 5           ; Untyped                                            ;
; REGISTERED_AT_END      ; 0           ; Untyped                                            ;
; OPTIMIZE_FOR_SPEED     ; 5           ; Untyped                                            ;
; USE_CS_BUFFERS         ; 1           ; Untyped                                            ;
; CARRY_CHAIN            ; MANUAL      ; Untyped                                            ;
; CARRY_CHAIN_LENGTH     ; 48          ; CARRY_CHAIN_LENGTH                                 ;
; DEVICE_FAMILY          ; MAX V       ; Untyped                                            ;
; USE_WYS                ; OFF         ; Untyped                                            ;
; STYLE                  ; FAST        ; Untyped                                            ;
; CBXI_PARAMETER         ; add_sub_2jh ; Untyped                                            ;
; AUTO_CARRY_CHAINS      ; ON          ; AUTO_CARRY                                         ;
; IGNORE_CARRY_BUFFERS   ; OFF         ; IGNORE_CARRY                                       ;
; AUTO_CASCADE_CHAINS    ; ON          ; AUTO_CASCADE                                       ;
; IGNORE_CASCADE_BUFFERS ; OFF         ; IGNORE_CASCADE                                     ;
+------------------------+-------------+----------------------------------------------------+
Note: In order to hide this table in the UI and the text report file, please set the "Show Parameter Settings in Synthesis Report" option in "Analysis and Synthesis Settings -> More Settings" to "Off".


+-------------------------------+
; Analysis & Synthesis Messages ;
+-------------------------------+
Info: *******************************************************************
Info: Running Quartus Prime Analysis & Synthesis
    Info: Version 19.1.0 Build 670 09/22/2019 SJ Lite Edition
    Info: Processing started: Tue Jun 08 16:54:42 2021
Info: Command: quartus_map --read_settings_files=on --write_settings_files=off wallace_top -c wallace_top
Warning (18236): Number of processors has not been specified which may cause overloading on shared machines.  Set the global assignment NUM_PARALLEL_PROCESSORS in your QSF to an appropriate value for best performance.
Info (20030): Parallel compilation is enabled and will use 4 of the 4 processors detected
Info (12021): Found 1 design units, including 1 entities, in source file /eda/digitalcircuit/my_digitalworks/my_digitalworks/system_design/wallace/src/wallace_top.v
    Info (12023): Found entity 1: wallace_top File: D:/EDA/DigitalCircuit/My_Digitalworks/My_Digitalworks/System_design/Wallace/src/wallace_top.v Line: 1
Info (12021): Found 1 design units, including 1 entities, in source file /eda/digitalcircuit/my_digitalworks/my_digitalworks/system_design/wallace/src/half_adder_down.v
    Info (12023): Found entity 1: half_adder_down File: D:/EDA/DigitalCircuit/My_Digitalworks/My_Digitalworks/System_design/Wallace/src/half_adder_down.v Line: 1
Info (12021): Found 1 design units, including 1 entities, in source file /eda/digitalcircuit/my_digitalworks/my_digitalworks/system_design/wallace/src/fall_adder_down.v
    Info (12023): Found entity 1: fall_adder_down File: D:/EDA/DigitalCircuit/My_Digitalworks/My_Digitalworks/System_design/Wallace/src/fall_adder_down.v Line: 1
Info (12021): Found 1 design units, including 1 entities, in source file /eda/digitalcircuit/my_digitalworks/my_digitalworks/system_design/wallace/src/add_down.v
    Info (12023): Found entity 1: add File: D:/EDA/DigitalCircuit/My_Digitalworks/My_Digitalworks/System_design/Wallace/src/add_down.v Line: 1
Info (12021): Found 1 design units, including 1 entities, in source file add_ip1.v
    Info (12023): Found entity 1: add_ip1 File: D:/EDA/DigitalCircuit/My_Digitalworks/My_Digitalworks/Quartus/wallace/add_ip1.v Line: 40
Info (12127): Elaborating entity "wallace_top" for the top level hierarchy
Info (12128): Elaborating entity "half_adder_down" for hierarchy "half_adder_down:h1" File: D:/EDA/DigitalCircuit/My_Digitalworks/My_Digitalworks/System_design/Wallace/src/wallace_top.v Line: 7
Info (12128): Elaborating entity "fall_adder_down" for hierarchy "fall_adder_down:f1" File: D:/EDA/DigitalCircuit/My_Digitalworks/My_Digitalworks/System_design/Wallace/src/wallace_top.v Line: 10
Info (12128): Elaborating entity "add_ip1" for hierarchy "add_ip1:a1" File: D:/EDA/DigitalCircuit/My_Digitalworks/My_Digitalworks/System_design/Wallace/src/wallace_top.v Line: 13
Info (12128): Elaborating entity "lpm_add_sub" for hierarchy "add_ip1:a1|lpm_add_sub:LPM_ADD_SUB_component" File: D:/EDA/DigitalCircuit/My_Digitalworks/My_Digitalworks/Quartus/wallace/add_ip1.v Line: 70
Info (12130): Elaborated megafunction instantiation "add_ip1:a1|lpm_add_sub:LPM_ADD_SUB_component" File: D:/EDA/DigitalCircuit/My_Digitalworks/My_Digitalworks/Quartus/wallace/add_ip1.v Line: 70
Info (12133): Instantiated megafunction "add_ip1:a1|lpm_add_sub:LPM_ADD_SUB_component" with the following parameter: File: D:/EDA/DigitalCircuit/My_Digitalworks/My_Digitalworks/Quartus/wallace/add_ip1.v Line: 70
    Info (12134): Parameter "lpm_direction" = "ADD"
    Info (12134): Parameter "lpm_hint" = "ONE_INPUT_IS_CONSTANT=NO,CIN_USED=NO"
    Info (12134): Parameter "lpm_representation" = "UNSIGNED"
    Info (12134): Parameter "lpm_type" = "LPM_ADD_SUB"
    Info (12134): Parameter "lpm_width" = "6"
Info (12128): Elaborating entity "addcore" for hierarchy "add_ip1:a1|lpm_add_sub:LPM_ADD_SUB_component|addcore:adder" File: d:/eda/digitalcircuit/quartus/quartus/libraries/megafunctions/lpm_add_sub.tdf Line: 251
Info (12131): Elaborated megafunction instantiation "add_ip1:a1|lpm_add_sub:LPM_ADD_SUB_component|addcore:adder", which is child of megafunction instantiation "add_ip1:a1|lpm_add_sub:LPM_ADD_SUB_component" File: d:/eda/digitalcircuit/quartus/quartus/libraries/megafunctions/lpm_add_sub.tdf Line: 251
Info (12128): Elaborating entity "a_csnbuffer" for hierarchy "add_ip1:a1|lpm_add_sub:LPM_ADD_SUB_component|addcore:adder|a_csnbuffer:oflow_node" File: d:/eda/digitalcircuit/quartus/quartus/libraries/megafunctions/addcore.tdf Line: 86
Info (12131): Elaborated megafunction instantiation "add_ip1:a1|lpm_add_sub:LPM_ADD_SUB_component|addcore:adder|a_csnbuffer:oflow_node", which is child of megafunction instantiation "add_ip1:a1|lpm_add_sub:LPM_ADD_SUB_component" File: d:/eda/digitalcircuit/quartus/quartus/libraries/megafunctions/addcore.tdf Line: 86
Info (12128): Elaborating entity "a_csnbuffer" for hierarchy "add_ip1:a1|lpm_add_sub:LPM_ADD_SUB_component|addcore:adder|a_csnbuffer:result_node" File: d:/eda/digitalcircuit/quartus/quartus/libraries/megafunctions/addcore.tdf Line: 112
Info (12131): Elaborated megafunction instantiation "add_ip1:a1|lpm_add_sub:LPM_ADD_SUB_component|addcore:adder|a_csnbuffer:result_node", which is child of megafunction instantiation "add_ip1:a1|lpm_add_sub:LPM_ADD_SUB_component" File: d:/eda/digitalcircuit/quartus/quartus/libraries/megafunctions/addcore.tdf Line: 112
Info (12128): Elaborating entity "altshift" for hierarchy "add_ip1:a1|lpm_add_sub:LPM_ADD_SUB_component|altshift:result_ext_latency_ffs" File: d:/eda/digitalcircuit/quartus/quartus/libraries/megafunctions/lpm_add_sub.tdf Line: 269
Info (12131): Elaborated megafunction instantiation "add_ip1:a1|lpm_add_sub:LPM_ADD_SUB_component|altshift:result_ext_latency_ffs", which is child of megafunction instantiation "add_ip1:a1|lpm_add_sub:LPM_ADD_SUB_component" File: d:/eda/digitalcircuit/quartus/quartus/libraries/megafunctions/lpm_add_sub.tdf Line: 269
Info (12128): Elaborating entity "altshift" for hierarchy "add_ip1:a1|lpm_add_sub:LPM_ADD_SUB_component|altshift:carry_ext_latency_ffs" File: d:/eda/digitalcircuit/quartus/quartus/libraries/megafunctions/lpm_add_sub.tdf Line: 271
Info (12131): Elaborated megafunction instantiation "add_ip1:a1|lpm_add_sub:LPM_ADD_SUB_component|altshift:carry_ext_latency_ffs", which is child of megafunction instantiation "add_ip1:a1|lpm_add_sub:LPM_ADD_SUB_component" File: d:/eda/digitalcircuit/quartus/quartus/libraries/megafunctions/lpm_add_sub.tdf Line: 271
Info (13014): Ignored 1 buffer(s)
    Info (13019): Ignored 1 SOFT buffer(s)
Info (21057): Implemented 44 device resources after synthesis - the final resource count might be different
    Info (21058): Implemented 8 input pins
    Info (21059): Implemented 8 output pins
    Info (21061): Implemented 28 logic cells
Info: Quartus Prime Analysis & Synthesis was successful. 0 errors, 1 warning
    Info: Peak virtual memory: 4713 megabytes
    Info: Processing ended: Tue Jun 08 16:54:49 2021
    Info: Elapsed time: 00:00:07
    Info: Total CPU time (on all processors): 00:00:18


