#! /c/Source/iverilog-install/bin/vvp
:ivl_version "12.0 (devel)" "(s20150603-1110-g18392a46)";
:ivl_delay_selection "TYPICAL";
:vpi_time_precision + 0;
:vpi_module "D:\Software\iverilog\iverilog\lib\ivl\system.vpi";
:vpi_module "D:\Software\iverilog\iverilog\lib\ivl\vhdl_sys.vpi";
:vpi_module "D:\Software\iverilog\iverilog\lib\ivl\vhdl_textio.vpi";
:vpi_module "D:\Software\iverilog\iverilog\lib\ivl\v2005_math.vpi";
:vpi_module "D:\Software\iverilog\iverilog\lib\ivl\va_math.vpi";
S_00000207ceda2c10 .scope module, "bits_counter" "bits_counter" 2 1;
 .timescale 0 0;
    .port_info 0 /INPUT 1 "clk";
    .port_info 1 /INPUT 1 "rst";
    .port_info 2 /OUTPUT 3 "count";
    .port_info 3 /OUTPUT 1 "out0";
    .port_info 4 /OUTPUT 1 "out1";
    .port_info 5 /OUTPUT 1 "out2";
o00000207cedd6fd8 .functor BUFZ 1, C4<z>; HiZ drive
v00000207ced887e0_0 .net "clk", 0 0, o00000207cedd6fd8;  0 drivers
v00000207ced8e7f0_0 .var "count", 2 0;
v00000207ceda2da0_0 .net "out0", 0 0, L_00000207ceda3020;  1 drivers
v00000207ceda2e40_0 .net "out1", 0 0, L_00000207ced8bc10;  1 drivers
v00000207ceda2ee0_0 .net "out2", 0 0, L_00000207ced8bcb0;  1 drivers
o00000207cedd70c8 .functor BUFZ 1, C4<z>; HiZ drive
v00000207ceda2f80_0 .net "rst", 0 0, o00000207cedd70c8;  0 drivers
E_00000207ced8cef0 .event posedge, v00000207ced887e0_0;
L_00000207ceda3020 .part v00000207ced8e7f0_0, 0, 1;
L_00000207ced8bc10 .part v00000207ced8e7f0_0, 1, 1;
L_00000207ced8bcb0 .part v00000207ced8e7f0_0, 2, 1;
    .scope S_00000207ceda2c10;
T_0 ;
    %wait E_00000207ced8cef0;
    %load/vec4 v00000207ceda2f80_0;
    %inv;
    %flag_set/vec4 8;
    %jmp/0xz  T_0.0, 8;
    %pushi/vec4 0, 0, 3;
    %assign/vec4 v00000207ced8e7f0_0, 0;
    %jmp T_0.1;
T_0.0 ;
    %load/vec4 v00000207ced8e7f0_0;
    %cmpi/e 7, 0, 3;
    %jmp/0xz  T_0.2, 4;
    %pushi/vec4 0, 0, 3;
    %assign/vec4 v00000207ced8e7f0_0, 0;
    %jmp T_0.3;
T_0.2 ;
    %load/vec4 v00000207ced8e7f0_0;
    %addi 1, 0, 3;
    %assign/vec4 v00000207ced8e7f0_0, 0;
T_0.3 ;
T_0.1 ;
    %jmp T_0;
    .thread T_0;
# The file index is used to find the file name in the following table.
:file_names 3;
    "N/A";
    "<interactive>";
    "3bits_counter.v";
