Flow report for bits_counter
Tue May 25 14:55:33 2021
Quartus Prime Version 19.1.0 Build 670 09/22/2019 SJ Lite Edition


---------------------
; Table of Contents ;
---------------------
  1. EDA Netlist Writer Summary
  2. EDA Netlist Writer Summary
  3. Legal Notice
  4. Flow Summary
  5. Flow Settings
  6. Flow Non-Default Global Settings
  7. Flow Elapsed Time
  8. Flow OS Summary
  9. Flow Log
 10. Flow Messages
 11. Flow Suppressed Messages



+-------------------------------------------------------------------+
; EDA Netlist Writer Summary                                        ;
+---------------------------+---------------------------------------+
; EDA Netlist Writer Status ; Successful - Tue May 25 14:55:33 2021 ;
; Revision Name             ; bits_counter                          ;
; Top-level Entity Name     ; bits_counter                          ;
; Family                    ; MAX V                                 ;
; Simulation Files Creation ; Successful                            ;
+---------------------------+---------------------------------------+


+-------------------------------------------------------------------------+
; EDA Netlist Writer Summary                                              ;
+---------------------------+---------------------------------------------+
; EDA Netlist Writer Status ; Successful - Tue May 25 14:52:03 2021       ;
; Revision Name             ; bits_counter                                ;
; Top-level Entity Name     ; bits_counter                                ;
; Family                    ; MAX V                                       ;
; Simulation Files Creation ; Successful                                  ;
; Flow Status               ; Successful - Tue May 25 14:55:33 2021       ;
; Quartus Prime Version     ; 19.1.0 Build 670 09/22/2019 SJ Lite Edition ;
+---------------------------+---------------------------------------------+


----------------
; Legal Notice ;
----------------
Copyright (C) 2019  Intel Corporation. All rights reserved.
Your use of Intel Corporation's design tools, logic functions 
and other software and tools, and any partner logic 
functions, and any output files from any of the foregoing 
(including device programming or simulation files), and any 
associated documentation or information are expressly subject 
to the terms and conditions of the Intel Program License 
Subscription Agreement, the Intel Quartus Prime License Agreement,
the Intel FPGA IP License Agreement, or other applicable license
agreement, including, without limitation, that your use is for
the sole purpose of programming logic devices manufactured by
Intel and sold by Intel or its authorized distributors.  Please
refer to the applicable agreement for further details, at
https://fpgasoftware.intel.com/eula.



+---------------------------------------------------------------------+
; Flow Summary                                                        ;
+-----------------------+---------------------------------------------+
; Flow Status           ; Successful - Tue May 25 14:52:03 2021       ;
; Quartus Prime Version ; 19.1.0 Build 670 09/22/2019 SJ Lite Edition ;
; Revision Name         ; bits_counter                                ;
; Top-level Entity Name ; bits_counter                                ;
; Family                ; MAX V                                       ;
; Device                ; 5M570ZM100C5                                ;
; Timing Models         ; Final                                       ;
; Total logic elements  ; 3 / 570 ( < 1 % )                           ;
; Total pins            ; 8 / 74 ( 11 % )                             ;
; Total virtual pins    ; 0                                           ;
; UFM blocks            ; 0 / 1 ( 0 % )                               ;
+-----------------------+---------------------------------------------+


+-----------------------------------------+
; Flow Settings                           ;
+-------------------+---------------------+
; Option            ; Setting             ;
+-------------------+---------------------+
; Start date & time ; 05/25/2021 14:51:42 ;
; Main task         ; Compilation         ;
; Revision Name     ; bits_counter        ;
+-------------------+---------------------+


+-------------------------------------------------------------------------------------------------------------------------------------------------------------------------------+
; Flow Non-Default Global Settings                                                                                                                                              ;
+---------------------------------------------------+---------------------------------------------------------+---------------+-------------+-----------------------------------+
; Assignment Name                                   ; Value                                                   ; Default Value ; Entity Name ; Section Id                        ;
+---------------------------------------------------+---------------------------------------------------------+---------------+-------------+-----------------------------------+
; COMPILER_SIGNATURE_ID                             ; 180886427360316.162192550210128                         ; --            ; --          ; --                                ;
; EDA_DESIGN_INSTANCE_NAME                          ; NA                                                      ; --            ; --          ; tb_bits_counter                   ;
; EDA_GENERATE_FUNCTIONAL_NETLIST                   ; Off                                                     ; --            ; --          ; eda_board_design_timing           ;
; EDA_GENERATE_FUNCTIONAL_NETLIST                   ; Off                                                     ; --            ; --          ; eda_board_design_boundary_scan    ;
; EDA_GENERATE_FUNCTIONAL_NETLIST                   ; Off                                                     ; --            ; --          ; eda_board_design_signal_integrity ;
; EDA_GENERATE_FUNCTIONAL_NETLIST                   ; Off                                                     ; --            ; --          ; eda_board_design_symbol           ;
; EDA_GENERATE_GATE_LEVEL_SIMULATION_COMMAND_SCRIPT ; On                                                      ; --            ; --          ; eda_simulation                    ;
; EDA_NATIVELINK_SIMULATION_TEST_BENCH              ; tb_bits_counter                                         ; --            ; --          ; eda_simulation                    ;
; EDA_OUTPUT_DATA_FORMAT                            ; Verilog Hdl                                             ; --            ; --          ; eda_simulation                    ;
; EDA_SIMULATION_TOOL                               ; ModelSim-Altera (Verilog)                               ; <None>        ; --          ; --                                ;
; EDA_TEST_BENCH_ENABLE_STATUS                      ; TEST_BENCH_MODE                                         ; --            ; --          ; eda_simulation                    ;
; EDA_TEST_BENCH_FILE                               ; ../../Sequential_circuits/Counter/src/tb_bits_counter.v ; --            ; --          ; tb_bits_counter                   ;
; EDA_TEST_BENCH_MODULE_NAME                        ; tb_bits_counter                                         ; --            ; --          ; tb_bits_counter                   ;
; EDA_TEST_BENCH_NAME                               ; tb_bits_counter                                         ; --            ; --          ; eda_simulation                    ;
; EDA_TIME_SCALE                                    ; 1 ns                                                    ; --            ; --          ; eda_simulation                    ;
; MAX_CORE_JUNCTION_TEMP                            ; 85                                                      ; --            ; --          ; --                                ;
; MIN_CORE_JUNCTION_TEMP                            ; 0                                                       ; --            ; --          ; --                                ;
; POWER_PRESET_COOLING_SOLUTION                     ; No Heat Sink With Still Air                             ; --            ; --          ; --                                ;
; PROJECT_OUTPUT_DIRECTORY                          ; output_files                                            ; --            ; --          ; --                                ;
+---------------------------------------------------+---------------------------------------------------------+---------------+-------------+-----------------------------------+


+--------------------------------------------------------------------------------------------------------------------------+
; Flow Elapsed Time                                                                                                        ;
+----------------------+--------------+-------------------------+---------------------+------------------------------------+
; Module Name          ; Elapsed Time ; Average Processors Used ; Peak Virtual Memory ; Total CPU Time (on all processors) ;
+----------------------+--------------+-------------------------+---------------------+------------------------------------+
; Analysis & Synthesis ; 00:00:12     ; 1.0                     ; 4707 MB             ; 00:00:18                           ;
; Fitter               ; 00:00:01     ; 1.0                     ; 5335 MB             ; 00:00:02                           ;
; Assembler            ; 00:00:00     ; 1.0                     ; 4665 MB             ; 00:00:00                           ;
; Timing Analyzer      ; 00:00:01     ; 1.0                     ; 4683 MB             ; 00:00:01                           ;
; EDA Netlist Writer   ; 00:00:02     ; 1.0                     ; 4626 MB             ; 00:00:01                           ;
; EDA Netlist Writer   ; 00:00:02     ; 1.0                     ; 4629 MB             ; 00:00:02                           ;
; Total                ; 00:00:18     ; --                      ; --                  ; 00:00:24                           ;
+----------------------+--------------+-------------------------+---------------------+------------------------------------+


+------------------------------------------------------------------------------------+
; Flow OS Summary                                                                    ;
+----------------------+------------------+------------+------------+----------------+
; Module Name          ; Machine Hostname ; OS Name    ; OS Version ; Processor type ;
+----------------------+------------------+------------+------------+----------------+
; Analysis & Synthesis ; DESKTOP-21J12OJ  ; Windows 10 ; 10.0       ; x86_64         ;
; Fitter               ; DESKTOP-21J12OJ  ; Windows 10 ; 10.0       ; x86_64         ;
; Assembler            ; DESKTOP-21J12OJ  ; Windows 10 ; 10.0       ; x86_64         ;
; Timing Analyzer      ; DESKTOP-21J12OJ  ; Windows 10 ; 10.0       ; x86_64         ;
; EDA Netlist Writer   ; DESKTOP-21J12OJ  ; Windows 10 ; 10.0       ; x86_64         ;
; EDA Netlist Writer   ; DESKTOP-21J12OJ  ; Windows 10 ; 10.0       ; x86_64         ;
+----------------------+------------------+------------+------------+----------------+


------------
; Flow Log ;
------------
quartus_map --read_settings_files=on --write_settings_files=off bits_counter -c bits_counter
quartus_fit --read_settings_files=off --write_settings_files=off bits_counter -c bits_counter
quartus_asm --read_settings_files=off --write_settings_files=off bits_counter -c bits_counter
quartus_sta bits_counter -c bits_counter
quartus_eda --read_settings_files=off --write_settings_files=off bits_counter -c bits_counter
quartus_eda --read_settings_files=on --write_settings_files=off bits_counter -c bits_counter



