#! /usr/local/Cellar/icarus-verilog/11.0/bin/vvp
:ivl_version "11.0 (stable)";
:ivl_delay_selection "TYPICAL";
:vpi_time_precision - 8;
:vpi_module "/usr/local/Cellar/icarus-verilog/11.0/lib/ivl/system.vpi";
:vpi_module "/usr/local/Cellar/icarus-verilog/11.0/lib/ivl/vhdl_sys.vpi";
:vpi_module "/usr/local/Cellar/icarus-verilog/11.0/lib/ivl/vhdl_textio.vpi";
:vpi_module "/usr/local/Cellar/icarus-verilog/11.0/lib/ivl/v2005_math.vpi";
:vpi_module "/usr/local/Cellar/icarus-verilog/11.0/lib/ivl/va_math.vpi";
S_0x7fa5ff4060b0 .scope module, "tb_one_bitadder" "tb_one_bitadder" 2 2;
 .timescale -8 -8;
v0x7fa5ff4081e0_0 .var "a", 0 0;
v0x7fa5ff418fb0_0 .var "b", 0 0;
v0x7fa5ff419050_0 .var "c_in", 0 0;
    .scope S_0x7fa5ff4060b0;
T_0 ;
    %vpi_call 2 7 "$display", "start a clock pulse" {0 0 0};
    %vpi_call 2 8 "$dumpfile", "tb_one_bitadder.vcd" {0 0 0};
    %vpi_call 2 9 "$dumpvars", 32'sb00000000000000000000000000000000, S_0x7fa5ff4060b0 {0 0 0};
    %pushi/vec4 0, 0, 1;
    %store/vec4 v0x7fa5ff4081e0_0, 0, 1;
    %pushi/vec4 0, 0, 1;
    %store/vec4 v0x7fa5ff418fb0_0, 0, 1;
    %pushi/vec4 0, 0, 1;
    %store/vec4 v0x7fa5ff419050_0, 0, 1;
    %delay 1, 0;
    %pushi/vec4 0, 0, 1;
    %store/vec4 v0x7fa5ff4081e0_0, 0, 1;
    %pushi/vec4 0, 0, 1;
    %store/vec4 v0x7fa5ff418fb0_0, 0, 1;
    %pushi/vec4 1, 0, 1;
    %store/vec4 v0x7fa5ff419050_0, 0, 1;
    %delay 1, 0;
    %pushi/vec4 1, 0, 1;
    %store/vec4 v0x7fa5ff4081e0_0, 0, 1;
    %pushi/vec4 0, 0, 1;
    %store/vec4 v0x7fa5ff418fb0_0, 0, 1;
    %pushi/vec4 0, 0, 1;
    %store/vec4 v0x7fa5ff419050_0, 0, 1;
    %delay 1, 0;
    %pushi/vec4 0, 0, 1;
    %store/vec4 v0x7fa5ff4081e0_0, 0, 1;
    %pushi/vec4 1, 0, 1;
    %store/vec4 v0x7fa5ff418fb0_0, 0, 1;
    %pushi/vec4 0, 0, 1;
    %store/vec4 v0x7fa5ff419050_0, 0, 1;
    %delay 1, 0;
    %pushi/vec4 1, 0, 1;
    %store/vec4 v0x7fa5ff4081e0_0, 0, 1;
    %pushi/vec4 1, 0, 1;
    %store/vec4 v0x7fa5ff418fb0_0, 0, 1;
    %pushi/vec4 0, 0, 1;
    %store/vec4 v0x7fa5ff419050_0, 0, 1;
    %delay 1, 0;
    %pushi/vec4 1, 0, 1;
    %store/vec4 v0x7fa5ff4081e0_0, 0, 1;
    %pushi/vec4 1, 0, 1;
    %store/vec4 v0x7fa5ff418fb0_0, 0, 1;
    %pushi/vec4 1, 0, 1;
    %store/vec4 v0x7fa5ff419050_0, 0, 1;
    %delay 1, 0;
    %pushi/vec4 0, 0, 1;
    %store/vec4 v0x7fa5ff4081e0_0, 0, 1;
    %pushi/vec4 0, 0, 1;
    %store/vec4 v0x7fa5ff418fb0_0, 0, 1;
    %pushi/vec4 0, 0, 1;
    %store/vec4 v0x7fa5ff419050_0, 0, 1;
    %vpi_call 2 23 "$stop" {0 0 0};
    %end;
    .thread T_0;
# The file index is used to find the file name in the following table.
:file_names 3;
    "N/A";
    "<interactive>";
    "wave.v";
